[debug] [2025-02-13T05:08:06.717Z] ----------------------------------------------------------------------
[debug] [2025-02-13T05:08:06.724Z] Command:       /Users/karadigital/.version-fox/cache/nodejs/v-20.18.0/nodejs-20.18.0/bin/node /Users/karadigital/.version-fox/temp/1739379600-95570/nodejs/bin/firebase apphosting:backends:create --project little-athlete-667e4 --location asia-east1
[debug] [2025-02-13T05:08:06.724Z] CLI Version:   13.30.0
[debug] [2025-02-13T05:08:06.724Z] Platform:      darwin
[debug] [2025-02-13T05:08:06.725Z] Node Version:  v20.18.0
[debug] [2025-02-13T05:08:06.725Z] Time:          Thu Feb 13 2025 12:08:06 GMT+0700 (Western Indonesia Time)
[debug] [2025-02-13T05:08:06.725Z] ----------------------------------------------------------------------
[debug] 
[debug] [2025-02-13T05:08:06.819Z] Checked if tokens are valid: true, expires at: 1739424236115
[debug] [2025-02-13T05:08:06.819Z] Checked if tokens are valid: true, expires at: 1739424236115
[debug] [2025-02-13T05:08:06.820Z] >>> [apiv2][query] GET https://serviceusage.googleapis.com/v1/projects/little-athlete-667e4/services/firebaseapphosting.googleapis.com [none]
[debug] [2025-02-13T05:08:06.820Z] >>> [apiv2][(partial)header] GET https://serviceusage.googleapis.com/v1/projects/little-athlete-667e4/services/firebaseapphosting.googleapis.com x-goog-quota-user=projects/little-athlete-667e4
[debug] [2025-02-13T05:08:08.545Z] <<< [apiv2][status] GET https://serviceusage.googleapis.com/v1/projects/little-athlete-667e4/services/firebaseapphosting.googleapis.com 200
[debug] [2025-02-13T05:08:08.545Z] <<< [apiv2][body] GET https://serviceusage.googleapis.com/v1/projects/little-athlete-667e4/services/firebaseapphosting.googleapis.com [omitted]
[debug] [2025-02-13T05:08:08.546Z] Checked if tokens are valid: true, expires at: 1739424236115
[debug] [2025-02-13T05:08:08.546Z] Checked if tokens are valid: true, expires at: 1739424236115
[debug] [2025-02-13T05:08:08.547Z] >>> [apiv2][query] GET https://mobilesdk-pa.googleapis.com/v1/accessmanagement/tos:getStatus [none]
[debug] [2025-02-13T05:08:08.923Z] <<< [apiv2][status] GET https://mobilesdk-pa.googleapis.com/v1/accessmanagement/tos:getStatus 200
[debug] [2025-02-13T05:08:08.923Z] <<< [apiv2][body] GET https://mobilesdk-pa.googleapis.com/v1/accessmanagement/tos:getStatus {"overallStatus":"ACCEPTED","uTosStatus":{"tos":{"id":"firebase","tosId":"FIREBASE_UNIVERSAL"},"status":"ACCEPTED"},"childTosStatus":[{"tos":{"id":"cloud","tosId":"CLOUD_PLATFORM"},"status":"ACCEPTED"},{"tos":{"id":"firebase_b2b","tosId":"FIREBASE_B2B"},"status":"ACCEPTED"},{"tos":{"id":"universal","tosId":"GOOGLE_APIS"},"status":"ACCEPTED"}],"termsUrl":"https://firebase.google.com/terms","perServiceStatus":[{"tosId":"APP_CHECK","serviceStatus":{"tos":{"id":"app_check","tosId":"APP_CHECK"},"status":"ACCEPTED"}},{"tosId":"APP_HOSTING_TOS","serviceStatus":{"tos":{"id":"app_hosting","tosId":"APP_HOSTING_TOS"},"status":"ACCEPTED"}},{"tosId":"FIREBASE_DATA_CONNECT","serviceStatus":{"tos":{"id":"data_connect","tosId":"FIREBASE_DATA_CONNECT"},"status":"ACCEPTED"}},{"tosId":"CORE_APPS","serviceStatus":{"tos":{"id":"core_apps","tosId":"CORE_APPS"},"status":"ACCEPTED"}},{"tosId":"VERTEX_AI_IN_FIREBASE","serviceStatus":{"tos":{"id":"vertex_ai_in_firebase","tosId":"VERTEX_AI_IN_FIREBASE"},"status":"ACCEPTED"}},{"tosId":"FIREBASE_CRASHLYTICS_APP_DISTRIBUTION","serviceStatus":{"tos":{"id":"firebase_crashlytics_app_distribution","tosId":"FIREBASE_CRASHLYTICS_APP_DISTRIBUTION"},"status":"ACCEPTED"}},{"tosId":"GENERATIVE_LANGUAGE","serviceStatus":{"tos":{"id":"generative-language-api","tosId":"GENERATIVE_LANGUAGE"},"status":"NEVER_ACCEPTED"}}]}
[debug] [2025-02-13T05:08:08.924Z] Checked if tokens are valid: true, expires at: 1739424236115
[debug] [2025-02-13T05:08:08.924Z] Checked if tokens are valid: true, expires at: 1739424236115
[debug] [2025-02-13T05:08:08.925Z] Checked if tokens are valid: true, expires at: 1739424236115
[debug] [2025-02-13T05:08:08.925Z] Checked if tokens are valid: true, expires at: 1739424236115
[debug] [2025-02-13T05:08:08.925Z] Checked if tokens are valid: true, expires at: 1739424236115
[debug] [2025-02-13T05:08:08.925Z] Checked if tokens are valid: true, expires at: 1739424236115
[debug] [2025-02-13T05:08:08.925Z] Checked if tokens are valid: true, expires at: 1739424236115
[debug] [2025-02-13T05:08:08.925Z] Checked if tokens are valid: true, expires at: 1739424236115
[debug] [2025-02-13T05:08:08.925Z] Checked if tokens are valid: true, expires at: 1739424236115
[debug] [2025-02-13T05:08:08.925Z] Checked if tokens are valid: true, expires at: 1739424236115
[debug] [2025-02-13T05:08:08.926Z] Checked if tokens are valid: true, expires at: 1739424236115
[debug] [2025-02-13T05:08:08.926Z] Checked if tokens are valid: true, expires at: 1739424236115
[debug] [2025-02-13T05:08:08.926Z] >>> [apiv2][query] GET https://serviceusage.googleapis.com/v1/projects/little-athlete-667e4/services/developerconnect.googleapis.com [none]
[debug] [2025-02-13T05:08:08.926Z] >>> [apiv2][(partial)header] GET https://serviceusage.googleapis.com/v1/projects/little-athlete-667e4/services/developerconnect.googleapis.com x-goog-quota-user=projects/little-athlete-667e4
[debug] [2025-02-13T05:08:08.927Z] >>> [apiv2][query] GET https://serviceusage.googleapis.com/v1/projects/little-athlete-667e4/services/cloudbuild.googleapis.com [none]
[debug] [2025-02-13T05:08:08.927Z] >>> [apiv2][(partial)header] GET https://serviceusage.googleapis.com/v1/projects/little-athlete-667e4/services/cloudbuild.googleapis.com x-goog-quota-user=projects/little-athlete-667e4
[debug] [2025-02-13T05:08:08.930Z] >>> [apiv2][query] GET https://serviceusage.googleapis.com/v1/projects/little-athlete-667e4/services/secretmanager.googleapis.com [none]
[debug] [2025-02-13T05:08:08.930Z] >>> [apiv2][(partial)header] GET https://serviceusage.googleapis.com/v1/projects/little-athlete-667e4/services/secretmanager.googleapis.com x-goog-quota-user=projects/little-athlete-667e4
[debug] [2025-02-13T05:08:08.932Z] >>> [apiv2][query] GET https://serviceusage.googleapis.com/v1/projects/little-athlete-667e4/services/run.googleapis.com [none]
[debug] [2025-02-13T05:08:08.932Z] >>> [apiv2][(partial)header] GET https://serviceusage.googleapis.com/v1/projects/little-athlete-667e4/services/run.googleapis.com x-goog-quota-user=projects/little-athlete-667e4
[debug] [2025-02-13T05:08:08.935Z] >>> [apiv2][query] GET https://serviceusage.googleapis.com/v1/projects/little-athlete-667e4/services/artifactregistry.googleapis.com [none]
[debug] [2025-02-13T05:08:08.935Z] >>> [apiv2][(partial)header] GET https://serviceusage.googleapis.com/v1/projects/little-athlete-667e4/services/artifactregistry.googleapis.com x-goog-quota-user=projects/little-athlete-667e4
[debug] [2025-02-13T05:08:08.937Z] >>> [apiv2][query] GET https://serviceusage.googleapis.com/v1/projects/little-athlete-667e4/services/iam.googleapis.com [none]
[debug] [2025-02-13T05:08:08.937Z] >>> [apiv2][(partial)header] GET https://serviceusage.googleapis.com/v1/projects/little-athlete-667e4/services/iam.googleapis.com x-goog-quota-user=projects/little-athlete-667e4
[debug] [2025-02-13T05:08:10.416Z] <<< [apiv2][status] GET https://serviceusage.googleapis.com/v1/projects/little-athlete-667e4/services/developerconnect.googleapis.com 200
[debug] [2025-02-13T05:08:10.417Z] <<< [apiv2][body] GET https://serviceusage.googleapis.com/v1/projects/little-athlete-667e4/services/developerconnect.googleapis.com [omitted]
[debug] [2025-02-13T05:08:10.418Z] <<< [apiv2][status] GET https://serviceusage.googleapis.com/v1/projects/little-athlete-667e4/services/artifactregistry.googleapis.com 200
[debug] [2025-02-13T05:08:10.419Z] <<< [apiv2][body] GET https://serviceusage.googleapis.com/v1/projects/little-athlete-667e4/services/artifactregistry.googleapis.com [omitted]
[debug] [2025-02-13T05:08:10.420Z] <<< [apiv2][status] GET https://serviceusage.googleapis.com/v1/projects/little-athlete-667e4/services/iam.googleapis.com 200
[debug] [2025-02-13T05:08:10.420Z] <<< [apiv2][body] GET https://serviceusage.googleapis.com/v1/projects/little-athlete-667e4/services/iam.googleapis.com [omitted]
[debug] [2025-02-13T05:08:10.426Z] <<< [apiv2][status] GET https://serviceusage.googleapis.com/v1/projects/little-athlete-667e4/services/cloudbuild.googleapis.com 200
[debug] [2025-02-13T05:08:10.426Z] <<< [apiv2][body] GET https://serviceusage.googleapis.com/v1/projects/little-athlete-667e4/services/cloudbuild.googleapis.com [omitted]
[debug] [2025-02-13T05:08:10.431Z] <<< [apiv2][status] GET https://serviceusage.googleapis.com/v1/projects/little-athlete-667e4/services/secretmanager.googleapis.com 200
[debug] [2025-02-13T05:08:10.431Z] <<< [apiv2][body] GET https://serviceusage.googleapis.com/v1/projects/little-athlete-667e4/services/secretmanager.googleapis.com [omitted]
[debug] [2025-02-13T05:08:10.432Z] <<< [apiv2][status] GET https://serviceusage.googleapis.com/v1/projects/little-athlete-667e4/services/run.googleapis.com 200
[debug] [2025-02-13T05:08:10.432Z] <<< [apiv2][body] GET https://serviceusage.googleapis.com/v1/projects/little-athlete-667e4/services/run.googleapis.com [omitted]
[debug] [2025-02-13T05:08:10.433Z] Checked if tokens are valid: true, expires at: 1739424236115
[debug] [2025-02-13T05:08:10.433Z] Checked if tokens are valid: true, expires at: 1739424236115
[debug] [2025-02-13T05:08:10.433Z] >>> [apiv2][query] POST https://iam.googleapis.com/v1/projects/little-athlete-667e4/serviceAccounts/firebase-app-hosting-compute@little-athlete-667e4.iam.gserviceaccount.com:testIamPermissions [none]
[debug] [2025-02-13T05:08:10.433Z] >>> [apiv2][(partial)header] POST https://iam.googleapis.com/v1/projects/little-athlete-667e4/serviceAccounts/firebase-app-hosting-compute@little-athlete-667e4.iam.gserviceaccount.com:testIamPermissions x-goog-quota-user=projects/little-athlete-667e4
[debug] [2025-02-13T05:08:10.433Z] >>> [apiv2][body] POST https://iam.googleapis.com/v1/projects/little-athlete-667e4/serviceAccounts/firebase-app-hosting-compute@little-athlete-667e4.iam.gserviceaccount.com:testIamPermissions {"permissions":["iam.serviceAccounts.actAs"]}
[debug] [2025-02-13T05:08:11.859Z] <<< [apiv2][status] POST https://iam.googleapis.com/v1/projects/little-athlete-667e4/serviceAccounts/firebase-app-hosting-compute@little-athlete-667e4.iam.gserviceaccount.com:testIamPermissions 200
[debug] [2025-02-13T05:08:11.859Z] <<< [apiv2][body] POST https://iam.googleapis.com/v1/projects/little-athlete-667e4/serviceAccounts/firebase-app-hosting-compute@little-athlete-667e4.iam.gserviceaccount.com:testIamPermissions {"permissions":["iam.serviceAccounts.actAs"]}
[debug] [2025-02-13T05:08:11.860Z] Checked if tokens are valid: true, expires at: 1739424236115
[debug] [2025-02-13T05:08:11.860Z] Checked if tokens are valid: true, expires at: 1739424236115
[debug] [2025-02-13T05:08:11.861Z] >>> [apiv2][query] GET https://firebaseapphosting.googleapis.com/v1beta/projects/little-athlete-667e4/locations 
[debug] [2025-02-13T05:08:13.481Z] <<< [apiv2][status] GET https://firebaseapphosting.googleapis.com/v1beta/projects/little-athlete-667e4/locations 200
[debug] [2025-02-13T05:08:13.481Z] <<< [apiv2][body] GET https://firebaseapphosting.googleapis.com/v1beta/projects/little-athlete-667e4/locations {"locations":[{"name":"projects/little-athlete-667e4/locations/asia-east1","locationId":"asia-east1","displayName":"Taiwan"},{"name":"projects/little-athlete-667e4/locations/europe-west4","locationId":"europe-west4","displayName":"Netherlands"},{"name":"projects/little-athlete-667e4/locations/us-central1","locationId":"us-central1","displayName":"Iowa"}]}
[info] i  === Import a GitHub repository 
[debug] [2025-02-13T05:08:13.484Z] Checked if tokens are valid: true, expires at: 1739424236115
[debug] [2025-02-13T05:08:13.484Z] Checked if tokens are valid: true, expires at: 1739424236115
[debug] [2025-02-13T05:08:13.484Z] >>> [apiv2][query] GET https://developerconnect.googleapis.com/v1/projects/little-athlete-667e4/locations/asia-east1/connections/firebase-app-hosting-github-oauth [none]
[debug] [2025-02-13T05:08:13.970Z] <<< [apiv2][status] GET https://developerconnect.googleapis.com/v1/projects/little-athlete-667e4/locations/asia-east1/connections/firebase-app-hosting-github-oauth 200
[debug] [2025-02-13T05:08:13.971Z] <<< [apiv2][body] GET https://developerconnect.googleapis.com/v1/projects/little-athlete-667e4/locations/asia-east1/connections/firebase-app-hosting-github-oauth {"name":"projects/little-athlete-667e4/locations/asia-east1/connections/firebase-app-hosting-github-oauth","createTime":"2025-02-13T03:57:29.167557222Z","updateTime":"2025-02-13T04:16:06.158586447Z","githubConfig":{"githubApp":"FIREBASE","authorizerCredential":{"oauthTokenSecretVersion":"projects/little-athlete-667e4/secrets/firebase-app-hosting-github-oauth-github-oauthtoken-2ec468/versions/latest","username":"nazudis"},"appInstallationId":"60979657","installationUri":"https://github.com/settings/installations/60979657"},"installationState":{"stage":"COMPLETE"}}
[info] ✔  Connected with GitHub successfully
 
[debug] [2025-02-13T05:08:13.973Z] Checked if tokens are valid: true, expires at: 1739424236115
[debug] [2025-02-13T05:08:13.973Z] Checked if tokens are valid: true, expires at: 1739424236115
[debug] [2025-02-13T05:08:13.973Z] >>> [apiv2][query] GET https://developerconnect.googleapis.com/v1/projects/little-athlete-667e4/locations/asia-east1/connections/firebase-app-hosting-github-oauth:fetchGitHubInstallations [none]
[debug] [2025-02-13T05:08:15.088Z] <<< [apiv2][status] GET https://developerconnect.googleapis.com/v1/projects/little-athlete-667e4/locations/asia-east1/connections/firebase-app-hosting-github-oauth:fetchGitHubInstallations 200
[debug] [2025-02-13T05:08:15.088Z] <<< [apiv2][body] GET https://developerconnect.googleapis.com/v1/projects/little-athlete-667e4/locations/asia-east1/connections/firebase-app-hosting-github-oauth:fetchGitHubInstallations {"installations":[{"id":"60979657","name":"aldamtrisena","type":"user"}]}
[info] i  Install the Firebase App Hosting GitHub app on a new account to enable access to those repositories 
[info] i  https://github.com/apps/firebase-app-hosting/installations/new 
